.next/dev/types/validator.ts(117,31): error TS2344: Type 'typeof import("C:/Users/kaytee/Desktop/vms/visitor-management-system/app/api/visitors/[id]/checkout/route")' does not satisfy the constraint 'RouteHandlerConfig<"/api/visitors/[id]/checkout">'.
  Types of property 'PATCH' are incompatible.
    Type '(req: Request, { params }: { params: { id: string; }; }) => Promise<NextResponse<any>>' is not assignable to type '(request: NextRequest, context: { params: Promise<{ id: string; }>; }) => void | Response | Promise<void | Response>'.
      Types of parameters '__1' and 'context' are incompatible.
        Type '{ params: Promise<{ id: string; }>; }' is not assignable to type '{ params: { id: string; }; }'.
          Types of property 'params' are incompatible.
            Property 'id' is missing in type 'Promise<{ id: string; }>' but required in type '{ id: string; }'.
.next/types/validator.ts(117,31): error TS2344: Type 'typeof import("C:/Users/kaytee/Desktop/vms/visitor-management-system/app/api/visitors/[id]/checkout/route")' does not satisfy the constraint 'RouteHandlerConfig<"/api/visitors/[id]/checkout">'.
  Types of property 'PATCH' are incompatible.
    Type '(req: Request, { params }: { params: { id: string; }; }) => Promise<NextResponse<any>>' is not assignable to type '(request: NextRequest, context: { params: Promise<{ id: string; }>; }) => void | Response | Promise<void | Response>'.
      Types of parameters '__1' and 'context' are incompatible.
        Type '{ params: Promise<{ id: string; }>; }' is not assignable to type '{ params: { id: string; }; }'.
          Types of property 'params' are incompatible.
            Property 'id' is missing in type 'Promise<{ id: string; }>' but required in type '{ id: string; }'.
